<?xml version="1.0" encoding="utf-8"?><testsuites name="pytest tests"><testsuite name="pytest" errors="0" failures="0" skipped="0" tests="14" time="2.957" timestamp="2026-04-08T01:34:38.176164+00:00" hostname="agent-env-c5820c3e-2707-4f1b-b7c2-ae0fb12b6b17"><testcase classname="backend.tests.test_zoe_rehoboth.TestAuth" name="test_login_success" time="0.516" /><testcase classname="backend.tests.test_zoe_rehoboth.TestAuth" name="test_login_wrong_password" time="0.301" /><testcase classname="backend.tests.test_zoe_rehoboth.TestAuth" name="test_login_wrong_email" time="0.060" /><testcase classname="backend.tests.test_zoe_rehoboth.TestAuth" name="test_me_authenticated" time="0.386" /><testcase classname="backend.tests.test_zoe_rehoboth.TestAuth" name="test_me_unauthenticated" time="0.072" /><testcase classname="backend.tests.test_zoe_rehoboth.TestTestimonials" name="test_get_testimonials" time="0.096" /><testcase classname="backend.tests.test_zoe_rehoboth.TestTestimonials" name="test_testimonials_fields" time="0.068" /><testcase classname="backend.tests.test_zoe_rehoboth.TestEvents" name="test_get_events" time="0.066" /><testcase classname="backend.tests.test_zoe_rehoboth.TestAdminTestimonials" name="test_list_testimonials" time="0.388" /><testcase classname="backend.tests.test_zoe_rehoboth.TestAdminTestimonials" name="test_create_and_delete_testimonial" time="0.197" /><testcase classname="backend.tests.test_zoe_rehoboth.TestAdminTestimonials" name="test_update_testimonial" time="0.261" /><testcase classname="backend.tests.test_zoe_rehoboth.TestAdminEvents" name="test_list_events" time="0.099" /><testcase classname="backend.tests.test_zoe_rehoboth.TestAdminEvents" name="test_create_and_delete_event" time="0.176" /><testcase classname="backend.tests.test_zoe_rehoboth.TestAdminEvents" name="test_admin_events_unauthenticated" time="0.066" /></testsuite></testsuites>